<?xml version="1.0" encoding="UTF-8"?>
<testsuite xmlns:xsi="http://www.w3.org/2001/XMLSchema-instance" xsi:noNamespaceSchemaLocation="https://maven.apache.org/surefire/maven-surefire-plugin/xsd/surefire-test-report-3.0.xsd" version="3.0" name="TestSuite" time="191.529" tests="7" errors="0" skipped="0" failures="0">
  <properties>
[...]
</properties>
  <testcase name="runScenario[&quot;To validate the search functionality with different val&quot;, &quot;To validate the Flipkart Application&quot;](1)" classname="com.TestRunner.Runner" time="155.264">
    <system-out><![CDATA[Launching Chrome browser and navigating to https://www.flipkart.com/
Launching Chrome browser and navigating to https://www.flipkart.com/
Launching Chrome browser and navigating to https://www.flipkart.com/
Launching Chrome browser and navigating to https://www.flipkart.com/
Launching Chrome browser and navigating to https://www.flipkart.com/
Launching Chrome browser and navigating to https://www.flipkart.com/
Launching Chrome browser and navigating to https://www.flipkart.com/
Popup is not present
Popup is not present
true
Popup is not present
Popup is not present
Popup is not present
Popup is not present
true
true
true
true
true
Popup is not present
true
2025-08-08T16:43:38.701603600Z TestNG-PoolService-7 ERROR Log4j API could not find a logging provider.
Search value from Excel: Mobile
Proxy element for: DefaultElementLocator 'By.xpath: //div[contains(@class,'JxFEK3 _48O0EI')]'
Online Shopping Site for Mobiles, Electronics, Furniture, Grocery, Lifestyle, Books & More. Best Offers!
Mobile- Buy Products Online at Best Price in India - All Categories | Flipkart.com
Screenshot taken and saved at src\test\resources\Screenshots\multipleSearch.png
*****************************
Title: Men Regular Fit Solid Button Down Collar Casual Shirt
Price: ₹860
Tv- Buy Products Online at Best Price in India - All Categories | Flipkart.com
*****************************
Title: Men Regular Fit Solid Spread Collar Party Shirt
Price: ₹358
*****************************
Title: Men Regular Fit Self Design Spread Collar Casual Shirt
Price: ₹299
Screenshot taken and saved at src\test\resources\Screenshots\multipleSearch.png
*****************************
Title: Men Regular Fit Printed Spread Collar Casual Shirt
Price: ₹297
*****************************
Title: Men Regular Fit Solid Spread Collar Casual Shirt
Price: ₹294
*****************************
Title: Men Regular Fit Self Design Button Down Collar Casual S...
Speaker- Buy Products Online at Best Price in India - All Categories | Flipkart.com
Price: ₹299
*****************************
[[ChromeDriver: chrome on windows (fe1150867195a686a1b17dccab4004e7)] -> xpath: //div[contains(@class,'JxFEK3 _48O0EI')]]
Apple- Buy Products Online at Best Price in India - All Categories | Flipkart.com
Screenshot taken and saved at src\test\resources\Screenshots\multipleSearch.png
Title: Men Regular Fit Checkered Spread Collar Casual Shirt
Apple iPhone 13 (Starlight, 128 GB)
4.62,93,066 Ratings & 13,975 Reviews
128 GB ROM
15.49 cm (6.1 inch) Super Retina XDR Display
12MP + 12MP | 12MP Front Camera
A15 Bionic Chip Processor
1 year warranty for phone and 1 year warranty for in Box Accessories.
₹44,999
₹49,9009% off
Saver Deal
Upto 
₹38,550
 Off on Exchange
Price: ₹249
*****************************
Title: Men Regular Fit Solid Spread Collar Casual Shirt
Price: ₹299
*****************************
Title: Men Regular Fit Checkered Casual Shirt
Price: ₹749
*****************************
Title: Men Relaxed Fit Fit Solid Spread Collar Casual Shirt
Price: ₹424
*****************************
Title: Men Regular Fit Printed Casual Shirt
Switched to child window: A3D5B47ABC1F2FC6E75570D16880F3D9
Price: ₹238
*****************************
Title: Men Regular Fit Solid Spread Collar Casual Shirt
Price: ₹338
*****************************
Title: Men Slim Fit Printed Button Down Collar Casual Shirt
Current window title: Jeko Track Light Wall Lamp With Bulb Price in India - Buy Jeko Track Light Wall Lamp With Bulb online at Flipkart.com
Price: ₹323
*****************************
Title: Men Regular Fit Solid Spread Collar Casual Shirt
Price: ₹255
*****************************
Search value from Excel: fridge
Title: Men Regular Fit Printed Spread Collar Casual Shirt
Price: ₹374
*****************************
Title: Men Slim Fit Solid Mandarin Collar Casual Shirt
Price: ₹249
*****************************
Title: Men Slim Fit Solid Mandarin Collar Casual Shirt
Jeko Track Light Wall Lamp With Bulb Price in India - Buy Jeko Track Light Wall Lamp With Bulb online at Flipkart.com
Price: ₹261
*****************************
Screenshot taken and saved at src\test\resources\Screenshots\uptoAddCart.png
Title: Men Regular Fit Solid Spread Collar Casual Shirt
Price: ₹338
*****************************
Title: Men Regular Fit Solid Spread Collar Casual Shirt
Price: ₹299
*****************************
Title: Men Oversized Fit Checkered Spread Collar Casual Shirt
Price: ₹475
*****************************
]]></system-out>
    <system-err><![CDATA[[TestNG-PoolService-4] INFO io.github.bonigarcia.wdm.WebDriverManager - Using chromedriver 139.0.7258.66 (resolved driver for Chrome 139)
[TestNG-PoolService-5] INFO io.github.bonigarcia.wdm.WebDriverManager - Using chromedriver 139.0.7258.66 (resolved driver for Chrome 139)
[TestNG-PoolService-6] INFO io.github.bonigarcia.wdm.WebDriverManager - Using chromedriver 139.0.7258.66 (resolved driver for Chrome 139)
[TestNG-PoolService-7] INFO io.github.bonigarcia.wdm.WebDriverManager - Using chromedriver 139.0.7258.66 (resolved driver for Chrome 139)
[TestNG-PoolService-1] INFO io.github.bonigarcia.wdm.WebDriverManager - Using chromedriver 139.0.7258.66 (resolved driver for Chrome 139)
[TestNG-PoolService-2] INFO io.github.bonigarcia.wdm.WebDriverManager - Using chromedriver 139.0.7258.66 (resolved driver for Chrome 139)
[TestNG-PoolService-3] INFO io.github.bonigarcia.wdm.WebDriverManager - Using chromedriver 139.0.7258.66 (resolved driver for Chrome 139)
[TestNG-PoolService-7] INFO io.github.bonigarcia.wdm.WebDriverManager - Exporting webdriver.chrome.driver as C:\Users\User\.cache\selenium\chromedriver\win64\139.0.7258.66\chromedriver.exe
[TestNG-PoolService-3] INFO io.github.bonigarcia.wdm.WebDriverManager - Exporting webdriver.chrome.driver as C:\Users\User\.cache\selenium\chromedriver\win64\139.0.7258.66\chromedriver.exe
[TestNG-PoolService-2] INFO io.github.bonigarcia.wdm.WebDriverManager - Exporting webdriver.chrome.driver as C:\Users\User\.cache\selenium\chromedriver\win64\139.0.7258.66\chromedriver.exe
[TestNG-PoolService-5] INFO io.github.bonigarcia.wdm.WebDriverManager - Exporting webdriver.chrome.driver as C:\Users\User\.cache\selenium\chromedriver\win64\139.0.7258.66\chromedriver.exe
[TestNG-PoolService-6] INFO io.github.bonigarcia.wdm.WebDriverManager - Exporting webdriver.chrome.driver as C:\Users\User\.cache\selenium\chromedriver\win64\139.0.7258.66\chromedriver.exe
[TestNG-PoolService-1] INFO io.github.bonigarcia.wdm.WebDriverManager - Exporting webdriver.chrome.driver as C:\Users\User\.cache\selenium\chromedriver\win64\139.0.7258.66\chromedriver.exe
[TestNG-PoolService-4] INFO io.github.bonigarcia.wdm.WebDriverManager - Exporting webdriver.chrome.driver as C:\Users\User\.cache\selenium\chromedriver\win64\139.0.7258.66\chromedriver.exe
Aug 08, 2025 10:12:25 PM org.openqa.selenium.devtools.CdpVersionFinder findNearestMatch
WARNING: Unable to find an exact match for CDP version 139, returning the closest version; found: 138; Please update to a Selenium version that supports CDP version 139
Aug 08, 2025 10:12:25 PM org.openqa.selenium.devtools.CdpVersionFinder findNearestMatch
WARNING: Unable to find an exact match for CDP version 139, returning the closest version; found: 138; Please update to a Selenium version that supports CDP version 139
Aug 08, 2025 10:12:25 PM org.openqa.selenium.devtools.CdpVersionFinder findNearestMatch
WARNING: Unable to find an exact match for CDP version 139, returning the closest version; found: 138; Please update to a Selenium version that supports CDP version 139
Aug 08, 2025 10:12:25 PM org.openqa.selenium.devtools.CdpVersionFinder findNearestMatch
WARNING: Unable to find an exact match for CDP version 139, returning the closest version; found: 138; Please update to a Selenium version that supports CDP version 139
Aug 08, 2025 10:12:25 PM org.openqa.selenium.devtools.CdpVersionFinder findNearestMatch
WARNING: Unable to find an exact match for CDP version 139, returning the closest version; found: 138; Please update to a Selenium version that supports CDP version 139
Aug 08, 2025 10:12:25 PM org.openqa.selenium.devtools.CdpVersionFinder findNearestMatch
WARNING: Unable to find an exact match for CDP version 139, returning the closest version; found: 138; Please update to a Selenium version that supports CDP version 139
Aug 08, 2025 10:12:25 PM org.openqa.selenium.devtools.CdpVersionFinder findNearestMatch
WARNING: Unable to find an exact match for CDP version 139, returning the closest version; found: 138; Please update to a Selenium version that supports CDP version 139
]]></system-err>
  </testcase>
  <testcase name="runScenario[&quot;To validate the search functionality with different val&quot;, &quot;To validate the Flipkart Application&quot;](2)" classname="com.TestRunner.Runner" time="163.971">
    <system-out><![CDATA[Title: Men Slim Fit Solid Mandarin Collar Casual Shirt
Price: ₹443
*****************************
Title: Men Regular Fit Solid Spread Collar Party Shirt
Price: ₹353
*****************************
Title: Men Slim Fit Solid Spread Collar Casual Shirt
Price: ₹249
*****************************
Title: Men Regular Fit Self Design Casual Shirt
Price: ₹288
*****************************
Title: Men Slim Fit Striped Spread Collar Casual Shirt
Price: ₹250
*****************************
Title: Men Regular Fit Solid Spread Collar Casual Shirt
Price: ₹255
*****************************
Title: Men Regular Fit Solid Button Down Collar Formal Shirt
Price: ₹421
*****************************
Title: Men Slim Fit Striped Spread Collar Casual Shirt
Price: ₹233
*****************************
Title: Men Regular Fit Solid Mandarin Collar Casual Shirt
Price: ₹299
*****************************
Title: Men Regular Fit Solid Button Down Collar Casual Shirt
Price: ₹1,598
*****************************
Title: Men Regular Fit Solid Spread Collar Casual Shirt
Price: ₹335
*****************************
Search value from Excel: shirt
Title: Men Regular Fit Self Design Spread Collar Casual Shirt
Price: ₹270
*****************************
Title: Men Regular Fit Solid Spread Collar Casual Shirt
Price: ₹242
*****************************
]]></system-out>
  </testcase>
  <testcase name="runScenario[&quot;To validate the search functionality with different val&quot;, &quot;To validate the Flipkart Application&quot;](3)" classname="com.TestRunner.Runner" time="167.32">
    <system-out><![CDATA[Title: Men Regular Fit Self Design Spread Collar Casual Shirt
Price: ₹286
*****************************
Title: Men Slim Fit Checkered Casual Shirt
Price: ₹205
*****************************
Title: Men Oversized Fit Checkered Spread Collar Casual Shirt
Price: ₹475
*****************************
Title: Men Regular Fit Solid Spread Collar Casual Shirt
]]></system-out>
  </testcase>
  <testcase name="runScenario[&quot;To get the title and price from search result&quot;, &quot;To validate the Flipkart Application&quot;](4)" classname="com.TestRunner.Runner" time="181.139">
    <system-out><![CDATA[Price: ₹338
*****************************
Title: Men Regular Fit Solid Casual Shirt
Price: ₹244
*****************************
Title: Men Regular Fit Self Design Casual Shirt
Price: ₹378
*****************************
Title: Men Regular Fit Solid Button Down Collar Formal Shirt
Price: ₹289
Screenshot taken and saved at src\test\resources\Screenshots\searchPage.png
Online Shopping Site for Mobiles, Electronics, Furniture, Grocery, Lifestyle, Books & More. Best Offers!
]]></system-out>
  </testcase>
  <testcase name="runScenario[&quot;To validate upto addcart functionality&quot;, &quot;To validate the Flipkart Application&quot;](5)" classname="com.TestRunner.Runner" time="183.576"/>
  <testcase name="runScenario[&quot;To validate the Search functionality&quot;, &quot;To validate the Flipkart Application&quot;](6)" classname="com.TestRunner.Runner" time="183.603"/>
  <testcase name="runScenario[&quot;To test the search functionality with excel sheet&quot;, &quot;To validate the Flipkart Application&quot;](7)" classname="com.TestRunner.Runner" time="184.101"/>
</testsuite>