<?xml version="1.0" encoding="UTF-8"?>
<testsuite xmlns:xsi="http://www.w3.org/2001/XMLSchema-instance" xsi:noNamespaceSchemaLocation="https://maven.apache.org/surefire/maven-surefire-plugin/xsd/surefire-test-report-3.0.xsd" version="3.0" name="TestSuite" time="195.093" tests="9" errors="0" skipped="0" failures="1">
  <properties>
[...]
</properties>
  <testcase name="runScenario[&quot;To validate the Search functionality&quot;, &quot;To validate the Flipkart Application&quot;](1)" classname="com.TestRunner.Runner" time="30.023">
    <system-out><![CDATA[Launching Chrome browser and navigating to https://www.flipkart.com/
Popup is not present
true
Proxy element for: DefaultElementLocator 'By.xpath: //div[contains(@class,'JxFEK3 _48O0EI')]'
Online Shopping Site for Mobiles, Electronics, Furniture, Grocery, Lifestyle, Books & More. Best Offers!
[[ChromeDriver: chrome on windows (055a5048505b9851da4a43b9dfc2b364)] -> xpath: //div[contains(@class,'JxFEK3 _48O0EI')]]
Apple- Buy Products Online at Best Price in India - All Categories | Flipkart.com
Apple iPhone 16 (Ultramarine, 128 GB)
4.619,106 Ratings & 793 Reviews
128 GB ROM
15.49 cm (6.1 inch) Super Retina XDR Display
48MP + 12MP | 12MP Front Camera
A18 Chip, 6 Core Processor Processor
1 year warranty for phone and 1 year warranty for in Box Accessories.
₹69,999
₹79,90012% off
Top Discount of the Sale
Upto 
₹57,850
 Off on Exchange
Browser closed successfully.
]]></system-out>
    <system-err><![CDATA[[TestNG-tests-1] INFO io.github.bonigarcia.wdm.WebDriverManager - Using chromedriver 139.0.7258.66 (resolved driver for Chrome 139)
[TestNG-tests-1] INFO io.github.bonigarcia.wdm.WebDriverManager - Exporting webdriver.chrome.driver as C:\Users\User\.cache\selenium\chromedriver\win64\139.0.7258.66\chromedriver.exe
Aug 07, 2025 1:44:28 AM org.openqa.selenium.devtools.CdpVersionFinder findNearestMatch
WARNING: Unable to find an exact match for CDP version 139, returning the closest version; found: 138; Please update to a Selenium version that supports CDP version 139
]]></system-err>
  </testcase>
  <testcase name="runScenario[&quot;To validate the Fashion Functionality&quot;, &quot;To validate the Flipkart Application&quot;](2)" classname="com.TestRunner.Runner" time="9.102">
    <failure message="java.lang.reflect.InvocationTargetException&#10;Build info: version: &apos;4.34.0&apos;, revision: &apos;707dcb4246*&apos;&#10;System info: os.name: &apos;Windows 11&apos;, os.arch: &apos;amd64&apos;, os.version: &apos;10.0&apos;, java.version: &apos;21.0.5&apos;&#10;Driver info: org.openqa.selenium.chrome.ChromeDriver&#10;Command: [758aa8c6d23efef83c73cf6f664934ab, actions {actions=[org.openqa.selenium.interactions.Sequence@292739c8]}]&#10;Capabilities {acceptInsecureCerts: false, browserName: chrome, browserVersion: 139.0.7258.66, chrome: {chromedriverVersion: 139.0.7258.66 (a62d32994769..., userDataDir: C:\Users\User\AppData\Local...}, fedcm:accounts: true, goog:chromeOptions: {debuggerAddress: localhost:54210}, networkConnectionEnabled: false, pageLoadStrategy: normal, platformName: windows, proxy: Proxy(), se:cdp: ws://localhost:54210/devtoo..., se:cdpVersion: 139.0.7258.66, setWindowRect: true, strictFileInteractability: false, timeouts: {implicit: 0, pageLoad: 300000, script: 30000}, unhandledPromptBehavior: dismiss and notify, webauthn:extension:credBlob: true, webauthn:extension:largeBlob: true, webauthn:extension:minPinLength: true, webauthn:extension:prf: true, webauthn:virtualAuthenticators: true}&#10;Session ID: 758aa8c6d23efef83c73cf6f664934ab" type="org.openqa.selenium.json.JsonException"><![CDATA[org.openqa.selenium.json.JsonException: 
java.lang.reflect.InvocationTargetException
Build info: version: '4.34.0', revision: '707dcb4246*'
System info: os.name: 'Windows 11', os.arch: 'amd64', os.version: '10.0', java.version: '21.0.5'
Driver info: org.openqa.selenium.chrome.ChromeDriver
Command: [758aa8c6d23efef83c73cf6f664934ab, actions {actions=[org.openqa.selenium.interactions.Sequence@292739c8]}]
Capabilities {acceptInsecureCerts: false, browserName: chrome, browserVersion: 139.0.7258.66, chrome: {chromedriverVersion: 139.0.7258.66 (a62d32994769..., userDataDir: C:\Users\User\AppData\Local...}, fedcm:accounts: true, goog:chromeOptions: {debuggerAddress: localhost:54210}, networkConnectionEnabled: false, pageLoadStrategy: normal, platformName: windows, proxy: Proxy(), se:cdp: ws://localhost:54210/devtoo..., se:cdpVersion: 139.0.7258.66, setWindowRect: true, strictFileInteractability: false, timeouts: {implicit: 0, pageLoad: 300000, script: 30000}, unhandledPromptBehavior: dismiss and notify, webauthn:extension:credBlob: true, webauthn:extension:largeBlob: true, webauthn:extension:minPinLength: true, webauthn:extension:prf: true, webauthn:virtualAuthenticators: true}
Session ID: 758aa8c6d23efef83c73cf6f664934ab
	at org.openqa.selenium.json.JsonOutput.convertUsingMethod(JsonOutput.java:520)
	at org.openqa.selenium.json.JsonOutput.lambda$new$16(JsonOutput.java:182)
	at org.openqa.selenium.json.JsonOutput.write0(JsonOutput.java:409)
	at org.openqa.selenium.json.JsonOutput.lambda$new$22(JsonOutput.java:204)
	at java.base/java.util.stream.ForEachOps$ForEachOp$OfRef.accept(ForEachOps.java:184)
	at java.base/java.util.stream.ReferencePipeline$2$1.accept(ReferencePipeline.java:179)
	at java.base/java.util.Iterator.forEachRemaining(Iterator.java:133)
	at java.base/java.util.Spliterators$IteratorSpliterator.forEachRemaining(Spliterators.java:1939)
	at java.base/java.util.stream.AbstractPipeline.copyInto(AbstractPipeline.java:509)
	at java.base/java.util.stream.AbstractPipeline.wrapAndCopyInto(AbstractPipeline.java:499)
	at java.base/java.util.stream.ForEachOps$ForEachOp.evaluateSequential(ForEachOps.java:151)
	at java.base/java.util.stream.ForEachOps$ForEachOp$OfRef.evaluateSequential(ForEachOps.java:174)
	at java.base/java.util.stream.AbstractPipeline.evaluate(AbstractPipeline.java:234)
	at java.base/java.util.stream.ReferencePipeline.forEach(ReferencePipeline.java:596)
	at org.openqa.selenium.json.JsonOutput.lambda$new$23(JsonOutput.java:204)
	at org.openqa.selenium.json.JsonOutput.write0(JsonOutput.java:409)
	at org.openqa.selenium.json.JsonOutput.lambda$new$24(JsonOutput.java:222)
	at java.base/java.util.Map.forEach(Map.java:733)
	at org.openqa.selenium.json.JsonOutput.lambda$new$25(JsonOutput.java:217)
	at org.openqa.selenium.json.JsonOutput.write0(JsonOutput.java:409)
	at org.openqa.selenium.json.JsonOutput.write(JsonOutput.java:400)
	at org.openqa.selenium.json.Json.toJson(Json.java:133)
	at org.openqa.selenium.json.Json.toJson(Json.java:119)
	at org.openqa.selenium.remote.codec.AbstractHttpCommandCodec.encode(AbstractHttpCommandCodec.java:236)
	at org.openqa.selenium.remote.codec.AbstractHttpCommandCodec.encode(AbstractHttpCommandCodec.java:109)
	at org.openqa.selenium.remote.HttpCommandExecutor.execute(HttpCommandExecutor.java:203)
	at org.openqa.selenium.remote.service.DriverCommandExecutor.invokeExecute(DriverCommandExecutor.java:216)
	at org.openqa.selenium.remote.service.DriverCommandExecutor.execute(DriverCommandExecutor.java:174)
	at org.openqa.selenium.remote.RemoteWebDriver.execute(RemoteWebDriver.java:544)
	at org.openqa.selenium.remote.RemoteWebDriver.perform(RemoteWebDriver.java:630)
	at org.openqa.selenium.interactions.Actions$BuiltAction.perform(Actions.java:616)
	at com.ReusableFunctions.SeleniumReusable.mouseHover(SeleniumReusable.java:84)
	at com.Pages.fashionPage.moveKidsLink(fashionPage.java:39)
	at com.Stepdefenitions.fashionStepDefination.cursor_to_move_to_the_kids_link(fashionStepDefination.java:32)
	at ✽.Cursor to move to the Kids link(file:///C:/Users/User/eclipse-workspace/TODO/Flipkart_E2E_Project/src/test/resources/Features/searchFunctionality.feature:24)
	Suppressed: org.openqa.selenium.json.JsonException: Attempting to close incomplete json stream
Build info: version: '4.34.0', revision: '707dcb4246*'
System info: os.name: 'Windows 11', os.arch: 'amd64', os.version: '10.0', java.version: '21.0.5'
Driver info: driver.version: RemoteWebDriver
		at org.openqa.selenium.json.JsonOutput.close(JsonOutput.java:431)
		at org.openqa.selenium.json.Json.toJson(Json.java:131)
		at org.openqa.selenium.json.Json.toJson(Json.java:119)
		at org.openqa.selenium.remote.codec.AbstractHttpCommandCodec.encode(AbstractHttpCommandCodec.java:236)
		at org.openqa.selenium.remote.codec.AbstractHttpCommandCodec.encode(AbstractHttpCommandCodec.java:109)
		at org.openqa.selenium.remote.HttpCommandExecutor.execute(HttpCommandExecutor.java:203)
		at org.openqa.selenium.remote.service.DriverCommandExecutor.invokeExecute(DriverCommandExecutor.java:216)
		at org.openqa.selenium.remote.service.DriverCommandExecutor.execute(DriverCommandExecutor.java:174)
		at org.openqa.selenium.remote.RemoteWebDriver.execute(RemoteWebDriver.java:544)
		at org.openqa.selenium.remote.RemoteWebDriver.perform(RemoteWebDriver.java:630)
		at org.openqa.selenium.interactions.Actions$BuiltAction.perform(Actions.java:616)
		at com.ReusableFunctions.SeleniumReusable.mouseHover(SeleniumReusable.java:84)
		at com.Pages.fashionPage.moveKidsLink(fashionPage.java:39)
		at com.Stepdefenitions.fashionStepDefination.cursor_to_move_to_the_kids_link(fashionStepDefination.java:32)
		at java.base/jdk.internal.reflect.DirectMethodHandleAccessor.invoke(DirectMethodHandleAccessor.java:103)
		at java.base/java.lang.reflect.Method.invoke(Method.java:580)
		at io.cucumber.java.Invoker.doInvoke(Invoker.java:66)
		at io.cucumber.java.Invoker.invoke(Invoker.java:24)
		at io.cucumber.java.AbstractGlueDefinition.invokeMethod(AbstractGlueDefinition.java:47)
		at io.cucumber.java.JavaStepDefinition.execute(JavaStepDefinition.java:29)
		at io.cucumber.core.runner.CoreStepDefinition.execute(CoreStepDefinition.java:66)
		at io.cucumber.core.runner.PickleStepDefinitionMatch.runStep(PickleStepDefinitionMatch.java:62)
		at io.cucumber.core.runner.ExecutionMode$1.execute(ExecutionMode.java:10)
		at io.cucumber.core.runner.TestStep.executeStep(TestStep.java:81)
		at io.cucumber.core.runner.TestStep.run(TestStep.java:53)
		at io.cucumber.core.runner.PickleStepTestStep.run(PickleStepTestStep.java:51)
		at io.cucumber.core.runner.TestCase.run(TestCase.java:86)
		at io.cucumber.core.runner.Runner.runPickle(Runner.java:77)
		at io.cucumber.testng.TestNGCucumberRunner.lambda$runScenario$1(TestNGCucumberRunner.java:135)
		at io.cucumber.core.runtime.CucumberExecutionContext.lambda$runTestCase$5(CucumberExecutionContext.java:136)
		at io.cucumber.core.runtime.RethrowingThrowableCollector.executeAndThrow(RethrowingThrowableCollector.java:23)
		at io.cucumber.core.runtime.CucumberExecutionContext.runTestCase(CucumberExecutionContext.java:136)
		at io.cucumber.testng.TestNGCucumberRunner.runScenario(TestNGCucumberRunner.java:132)
		at io.cucumber.testng.AbstractTestNGCucumberTests.runScenario(AbstractTestNGCucumberTests.java:35)
		at java.base/jdk.internal.reflect.DirectMethodHandleAccessor.invoke(DirectMethodHandleAccessor.java:103)
		at java.base/java.lang.reflect.Method.invoke(Method.java:580)
		at org.testng.internal.invokers.MethodInvocationHelper.invokeMethod(MethodInvocationHelper.java:141)
		at org.testng.internal.invokers.TestInvoker.invokeMethod(TestInvoker.java:687)
		at org.testng.internal.invokers.TestInvoker.invokeTestMethod(TestInvoker.java:230)
		at org.testng.internal.invokers.MethodRunner.runInSequence(MethodRunner.java:63)
		at org.testng.internal.invokers.TestInvoker$MethodInvocationAgent.invoke(TestInvoker.java:995)
		at org.testng.internal.invokers.TestInvoker.invokeTestMethods(TestInvoker.java:203)
		at org.testng.internal.invokers.TestMethodWorker.invokeTestMethods(TestMethodWorker.java:154)
		at org.testng.internal.invokers.TestMethodWorker.run(TestMethodWorker.java:134)
		at java.base/java.util.ArrayList.forEach(ArrayList.java:1596)
		at org.testng.TestRunner.privateRun(TestRunner.java:741)
		at org.testng.TestRunner.run(TestRunner.java:616)
		at org.testng.SuiteRunner.runTest(SuiteRunner.java:421)
		at org.testng.SuiteRunner$SuiteWorker.run(SuiteRunner.java:463)
		at org.testng.internal.thread.ThreadUtil.lambda$execute$0(ThreadUtil.java:64)
		at java.base/java.util.concurrent.FutureTask.run(FutureTask.java:317)
		at java.base/java.util.concurrent.ThreadPoolExecutor.runWorker(ThreadPoolExecutor.java:1144)
		at java.base/java.util.concurrent.ThreadPoolExecutor$Worker.run(ThreadPoolExecutor.java:642)
		at java.base/java.lang.Thread.run(Thread.java:1583)
Caused by: java.lang.reflect.InvocationTargetException
	at java.base/jdk.internal.reflect.DirectMethodHandleAccessor.invoke(DirectMethodHandleAccessor.java:118)
	at java.base/java.lang.reflect.Method.invoke(Method.java:580)
	at org.openqa.selenium.json.JsonOutput.convertUsingMethod(JsonOutput.java:516)
	... 34 more
Caused by: org.openqa.selenium.NoSuchElementException: no such element: Unable to locate element: {"method":"xpath","selector":"//span[@class='_3Pzn-c']//parent::a[text()='Kids']"}
  (Session info: chrome=139.0.7258.66)
For documentation on this error, please visit: https://www.selenium.dev/documentation/webdriver/troubleshooting/errors#no-such-element-exception
Build info: version: '4.34.0', revision: '707dcb4246*'
System info: os.name: 'Windows 11', os.arch: 'amd64', os.version: '10.0', java.version: '21.0.5'
Driver info: org.openqa.selenium.chrome.ChromeDriver
Command: [758aa8c6d23efef83c73cf6f664934ab, findElement {value=//span[@class='_3Pzn-c']//parent::a[text()='Kids'], using=xpath}]
Capabilities {acceptInsecureCerts: false, browserName: chrome, browserVersion: 139.0.7258.66, chrome: {chromedriverVersion: 139.0.7258.66 (a62d32994769..., userDataDir: C:\Users\User\AppData\Local...}, fedcm:accounts: true, goog:chromeOptions: {debuggerAddress: localhost:54210}, networkConnectionEnabled: false, pageLoadStrategy: normal, platformName: windows, proxy: Proxy(), se:cdp: ws://localhost:54210/devtoo..., se:cdpVersion: 139.0.7258.66, setWindowRect: true, strictFileInteractability: false, timeouts: {implicit: 0, pageLoad: 300000, script: 30000}, unhandledPromptBehavior: dismiss and notify, webauthn:extension:credBlob: true, webauthn:extension:largeBlob: true, webauthn:extension:minPinLength: true, webauthn:extension:prf: true, webauthn:virtualAuthenticators: true}
Session ID: 758aa8c6d23efef83c73cf6f664934ab
	at java.base/jdk.internal.reflect.DirectConstructorHandleAccessor.newInstance(DirectConstructorHandleAccessor.java:62)
	at java.base/java.lang.reflect.Constructor.newInstanceWithCaller(Constructor.java:502)
	at java.base/java.lang.reflect.Constructor.newInstance(Constructor.java:486)
	at org.openqa.selenium.remote.ErrorCodec.decode(ErrorCodec.java:167)
	at org.openqa.selenium.remote.codec.w3c.W3CHttpResponseCodec.decode(W3CHttpResponseCodec.java:138)
	at org.openqa.selenium.remote.codec.w3c.W3CHttpResponseCodec.decode(W3CHttpResponseCodec.java:50)
	at org.openqa.selenium.remote.HttpCommandExecutor.execute(HttpCommandExecutor.java:215)
	at org.openqa.selenium.remote.service.DriverCommandExecutor.invokeExecute(DriverCommandExecutor.java:216)
	at org.openqa.selenium.remote.service.DriverCommandExecutor.execute(DriverCommandExecutor.java:174)
	at org.openqa.selenium.remote.RemoteWebDriver.execute(RemoteWebDriver.java:544)
	at org.openqa.selenium.remote.ElementLocation$ElementFinder$2.findElement(ElementLocation.java:165)
	at org.openqa.selenium.remote.ElementLocation.findElement(ElementLocation.java:59)
	at org.openqa.selenium.remote.RemoteWebDriver.findElement(RemoteWebDriver.java:367)
	at org.openqa.selenium.remote.RemoteWebDriver.findElement(RemoteWebDriver.java:361)
	at org.openqa.selenium.support.pagefactory.DefaultElementLocator.findElement(DefaultElementLocator.java:68)
	at org.openqa.selenium.support.pagefactory.internal.LocatingElementHandler.invoke(LocatingElementHandler.java:38)
	at jdk.proxy2/jdk.proxy2.$Proxy22.getWrappedElement(Unknown Source)
	at org.openqa.selenium.interactions.PointerInput$Origin.asArg(PointerInput.java:262)
	at org.openqa.selenium.interactions.PointerInput$Move.encode(PointerInput.java:211)
	at org.openqa.selenium.interactions.Sequence.encode(Sequence.java:74)
	at org.openqa.selenium.interactions.Sequence.toJson(Sequence.java:83)
	at java.base/jdk.internal.reflect.DirectMethodHandleAccessor.invoke(DirectMethodHandleAccessor.java:103)
	... 36 more
]]></failure>
    <system-out><![CDATA[Launching Chrome browser and navigating to https://www.flipkart.com/
Popup is not present
true
before clicking fashion link
Online Shopping Site for Mobiles, Electronics, Furniture, Grocery, Lifestyle, Books & More. Best Offers!
Browser closed successfully.
]]></system-out>
    <system-err><![CDATA[[TestNG-tests-1] INFO io.github.bonigarcia.wdm.WebDriverManager - Using chromedriver 139.0.7258.66 (resolved driver for Chrome 139)
[TestNG-tests-1] INFO io.github.bonigarcia.wdm.WebDriverManager - Exporting webdriver.chrome.driver as C:\Users\User\.cache\selenium\chromedriver\win64\139.0.7258.66\chromedriver.exe
Aug 07, 2025 1:44:53 AM org.openqa.selenium.devtools.CdpVersionFinder findNearestMatch
WARNING: Unable to find an exact match for CDP version 139, returning the closest version; found: 138; Please update to a Selenium version that supports CDP version 139
]]></system-err>
  </testcase>
  <testcase name="runScenario[&quot;To validate the search functionality with different val&quot;, &quot;To validate the Flipkart Application&quot;](3)" classname="com.TestRunner.Runner" time="11.583">
    <system-out><![CDATA[Launching Chrome browser and navigating to https://www.flipkart.com/
Popup is not present
true
Mobile- Buy Products Online at Best Price in India - All Categories | Flipkart.com
Screenshot taken and saved at src\test\resources\Screenshots\multipleSearch.png
Browser closed successfully.
]]></system-out>
    <system-err><![CDATA[[TestNG-tests-1] INFO io.github.bonigarcia.wdm.WebDriverManager - Using chromedriver 139.0.7258.66 (resolved driver for Chrome 139)
[TestNG-tests-1] INFO io.github.bonigarcia.wdm.WebDriverManager - Exporting webdriver.chrome.driver as C:\Users\User\.cache\selenium\chromedriver\win64\139.0.7258.66\chromedriver.exe
Aug 07, 2025 1:45:02 AM org.openqa.selenium.devtools.CdpVersionFinder findNearestMatch
WARNING: Unable to find an exact match for CDP version 139, returning the closest version; found: 138; Please update to a Selenium version that supports CDP version 139
]]></system-err>
  </testcase>
  <testcase name="runScenario[&quot;To validate the search functionality with different val&quot;, &quot;To validate the Flipkart Application&quot;](4)" classname="com.TestRunner.Runner" time="13.179">
    <system-out><![CDATA[Launching Chrome browser and navigating to https://www.flipkart.com/
Popup is not present
true
Tv- Buy Products Online at Best Price in India - All Categories | Flipkart.com
Screenshot taken and saved at src\test\resources\Screenshots\multipleSearch.png
Browser closed successfully.
]]></system-out>
    <system-err><![CDATA[[TestNG-tests-1] INFO io.github.bonigarcia.wdm.WebDriverManager - Using chromedriver 139.0.7258.66 (resolved driver for Chrome 139)
[TestNG-tests-1] INFO io.github.bonigarcia.wdm.WebDriverManager - Exporting webdriver.chrome.driver as C:\Users\User\.cache\selenium\chromedriver\win64\139.0.7258.66\chromedriver.exe
Aug 07, 2025 1:45:13 AM org.openqa.selenium.devtools.CdpVersionFinder findNearestMatch
WARNING: Unable to find an exact match for CDP version 139, returning the closest version; found: 138; Please update to a Selenium version that supports CDP version 139
]]></system-err>
  </testcase>
  <testcase name="runScenario[&quot;To validate the search functionality with different val&quot;, &quot;To validate the Flipkart Application&quot;](5)" classname="com.TestRunner.Runner" time="28.733">
    <system-out><![CDATA[Launching Chrome browser and navigating to https://www.flipkart.com/
Popup is not present
true
Speaker- Buy Products Online at Best Price in India - All Categories | Flipkart.com
Screenshot taken and saved at src\test\resources\Screenshots\multipleSearch.png
Browser closed successfully.
]]></system-out>
    <system-err><![CDATA[[TestNG-tests-1] INFO io.github.bonigarcia.wdm.WebDriverManager - Using chromedriver 139.0.7258.66 (resolved driver for Chrome 139)
[TestNG-tests-1] INFO io.github.bonigarcia.wdm.WebDriverManager - Exporting webdriver.chrome.driver as C:\Users\User\.cache\selenium\chromedriver\win64\139.0.7258.66\chromedriver.exe
Aug 07, 2025 1:45:26 AM org.openqa.selenium.devtools.CdpVersionFinder findNearestMatch
WARNING: Unable to find an exact match for CDP version 139, returning the closest version; found: 138; Please update to a Selenium version that supports CDP version 139
]]></system-err>
  </testcase>
  <testcase name="runScenario[&quot;To validate the search functionality with different val&quot;, &quot;To validate the Flipkart Application&quot;](6)" classname="com.TestRunner.Runner" time="10.509">
    <system-out><![CDATA[Launching Chrome browser and navigating to https://www.flipkart.com/
Popup is not present
true
Shirt- Buy Products Online at Best Price in India - All Categories | Flipkart.com
Screenshot taken and saved at src\test\resources\Screenshots\multipleSearch.png
Browser closed successfully.
]]></system-out>
    <system-err><![CDATA[[TestNG-tests-1] INFO io.github.bonigarcia.wdm.WebDriverManager - Using chromedriver 139.0.7258.66 (resolved driver for Chrome 139)
[TestNG-tests-1] INFO io.github.bonigarcia.wdm.WebDriverManager - Exporting webdriver.chrome.driver as C:\Users\User\.cache\selenium\chromedriver\win64\139.0.7258.66\chromedriver.exe
Aug 07, 2025 1:45:55 AM org.openqa.selenium.devtools.CdpVersionFinder findNearestMatch
WARNING: Unable to find an exact match for CDP version 139, returning the closest version; found: 138; Please update to a Selenium version that supports CDP version 139
]]></system-err>
  </testcase>
  <testcase name="runScenario[&quot;To validate upto addcart functionality&quot;, &quot;To validate the Flipkart Application&quot;](7)" classname="com.TestRunner.Runner" time="18.549">
    <system-out><![CDATA[Launching Chrome browser and navigating to https://www.flipkart.com/
Popup is not present
true
Switched to child window: BE7EE4E7CB6CAB439DD10ADF821CEE69
Current window title: AKRIK Swing Arm Wall Light Wall Lamp With Bulb Price in India - Buy AKRIK Swing Arm Wall Light Wall Lamp With Bulb online at Flipkart.com
AKRIK Swing Arm Wall Light Wall Lamp With Bulb Price in India - Buy AKRIK Swing Arm Wall Light Wall Lamp With Bulb online at Flipkart.com
Screenshot taken and saved at src\test\resources\Screenshots\uptoAddCart.png
Browser closed successfully.
]]></system-out>
    <system-err><![CDATA[[TestNG-tests-1] INFO io.github.bonigarcia.wdm.WebDriverManager - Using chromedriver 139.0.7258.66 (resolved driver for Chrome 139)
[TestNG-tests-1] INFO io.github.bonigarcia.wdm.WebDriverManager - Exporting webdriver.chrome.driver as C:\Users\User\.cache\selenium\chromedriver\win64\139.0.7258.66\chromedriver.exe
Aug 07, 2025 1:46:06 AM org.openqa.selenium.devtools.CdpVersionFinder findNearestMatch
WARNING: Unable to find an exact match for CDP version 139, returning the closest version; found: 138; Please update to a Selenium version that supports CDP version 139
]]></system-err>
  </testcase>
  <testcase name="runScenario[&quot;To get the title and price from search result&quot;, &quot;To validate the Flipkart Application&quot;](8)" classname="com.TestRunner.Runner" time="18.806">
    <system-out><![CDATA[Launching Chrome browser and navigating to https://www.flipkart.com/
Popup is not present
true
*****************************
Title: Men Slim Fit Solid Spread Collar Casual Shirt
Price: ₹249
*****************************
Title: Men Regular Fit Solid Spread Collar Casual Shirt
Price: ₹271
*****************************
Title: Men Regular Fit Solid Spread Collar Casual Shirt
Price: ₹269
*****************************
Title: Men Regular Fit Self Design Spread Collar Casual Shirt
Price: ₹299
*****************************
Title: Men Regular Fit Solid Spread Collar Casual Shirt
Price: ₹269
*****************************
Title: Men Regular Fit Solid Button Down Collar Formal Shirt
Price: ₹269
*****************************
Title: Men Regular Fit Printed Spread Collar Casual Shirt
Price: ₹267
*****************************
Title: Men Slim Fit Solid Spread Collar Casual Shirt
Price: ₹249
*****************************
Title: Men Regular Fit Printed Slim Collar Casual Shirt
Price: ₹259
*****************************
Title: Men Regular Fit Solid Spread Collar Casual Shirt
Price: ₹289
*****************************
Title: Men Regular Fit Solid Spread Collar Casual Shirt
Price: ₹238
*****************************
Title: Men Regular Fit Checkered Spread Collar Casual Shirt
Price: ₹267
*****************************
Title: Men Regular Fit Solid Spread Collar Casual Shirt
Price: ₹255
*****************************
Title: Men Slim Fit Solid Mandarin Collar Casual Shirt
Price: ₹249
*****************************
Title: Men & Women Boxy Fit Solid Cut Away Collar Casual Shirt
Price: ₹472
*****************************
Title: Men Regular Fit Solid Spread Collar Casual Shirt
Price: ₹279
*****************************
Title: Men Regular Fit Self Design Spread Collar Casual Shirt
Price: ₹269
*****************************
Title: Men Regular Fit Self Design Spread Collar Casual Shirt
Price: ₹269
*****************************
Title: Men Regular Fit Solid Spread Collar Casual Shirt
Price: ₹258
*****************************
Title: Men Regular Fit Striped Mandarin Collar Casual Shirt
Price: ₹1,398
*****************************
Title: Men Regular Fit Self Design Spread Collar Casual Shirt
Price: ₹302
*****************************
Title: Men Regular Fit Checkered Spread Collar Casual Shirt
Price: ₹380
*****************************
Title: Men Regular Fit Self Design Casual Shirt
Price: ₹288
*****************************
Title: Men Regular Fit Solid Button Down Collar Formal Shirt
Price: ₹289
*****************************
Title: Men Slim Fit Checkered Spread Collar Casual Shirt
Price: ₹233
*****************************
Title: Men Relaxed Fit Fit Solid Curved Collar Party Shirt
Price: ₹445
*****************************
Title: Men Regular Fit Solid Spread Collar Formal Shirt
Price: ₹418
*****************************
Title: Men Regular Fit Striped Button Down Collar Casual Shirt
Price: ₹328
*****************************
Title: Men Regular Fit Solid Button Down Collar Formal Shirt
Price: ₹279
*****************************
Title: Women Regular Fit Dyed/Ombre Spread Collar Casual Shirt
Price: ₹498
*****************************
Title: Men Regular Fit Solid Button Down Collar Formal Shirt
Price: ₹269
*****************************
Title: Men Slim Fit Striped Casual Shirt
Price: ₹249
*****************************
Title: Men Regular Fit Striped Casual Shirt
Price: ₹267
*****************************
Title: Men Regular Fit Printed Spread Collar Casual Shirt
Price: ₹189
*****************************
Title: Men Regular Fit Self Design Casual Shirt
Price: ₹288
*****************************
Title: Men Regular Fit Printed Casual Shirt
Price: ₹1,299
*****************************
Title: Men Regular Fit Solid Button Down Collar Formal Shirt
Price: ₹424
*****************************
Title: Men Regular Fit Self Design Spread Collar Casual Shirt
Price: ₹270
*****************************
Title: Men Regular Fit Solid Spread Collar Casual Shirt
Price: ₹242
*****************************
Title: Men Regular Fit Solid Spread Collar Casual Shirt
Price: ₹338
Browser closed successfully.
]]></system-out>
    <system-err><![CDATA[[TestNG-tests-1] INFO io.github.bonigarcia.wdm.WebDriverManager - Using chromedriver 139.0.7258.66 (resolved driver for Chrome 139)
[TestNG-tests-1] INFO io.github.bonigarcia.wdm.WebDriverManager - Exporting webdriver.chrome.driver as C:\Users\User\.cache\selenium\chromedriver\win64\139.0.7258.66\chromedriver.exe
Aug 07, 2025 1:46:24 AM org.openqa.selenium.devtools.CdpVersionFinder findNearestMatch
WARNING: Unable to find an exact match for CDP version 139, returning the closest version; found: 138; Please update to a Selenium version that supports CDP version 139
]]></system-err>
  </testcase>
  <testcase name="runScenario[&quot;To test the search functionality with excel sheet&quot;, &quot;To validate the Flipkart Application&quot;](9)" classname="com.TestRunner.Runner" time="51.378">
    <system-out><![CDATA[Launching Chrome browser and navigating to https://www.flipkart.com/
Popup is not present
true
2025-08-06T20:16:49.952752600Z TestNG-tests-1 ERROR Log4j API could not find a logging provider.
Search value from Excel: Mobile
Search value from Excel: fridge
Search value from Excel: shirt
Search value from Excel: TV
Search value from Excel: camera
Search value from Excel: fan
Screenshot taken and saved at src\test\resources\Screenshots\searchPage.png
Online Shopping Site for Mobiles, Electronics, Furniture, Grocery, Lifestyle, Books & More. Best Offers!
Browser closed successfully.
]]></system-out>
    <system-err><![CDATA[[TestNG-tests-1] INFO io.github.bonigarcia.wdm.WebDriverManager - Using chromedriver 139.0.7258.66 (resolved driver for Chrome 139)
[TestNG-tests-1] INFO io.github.bonigarcia.wdm.WebDriverManager - Exporting webdriver.chrome.driver as C:\Users\User\.cache\selenium\chromedriver\win64\139.0.7258.66\chromedriver.exe
Aug 07, 2025 1:46:43 AM org.openqa.selenium.devtools.CdpVersionFinder findNearestMatch
WARNING: Unable to find an exact match for CDP version 139, returning the closest version; found: 138; Please update to a Selenium version that supports CDP version 139
]]></system-err>
  </testcase>
</testsuite>