<?xml version="1.0" encoding="UTF-8"?>
<!-- Generated by org.testng.reporters.JUnitReportReporter -->
<testsuite hostname="Roushan" failures="0" tests="4" name="com.TestRunner.Runner" time="224.690" errors="1" timestamp="2025-08-08T02:46:33 IST" skipped="0">
  <testcase classname="com.TestRunner.Runner" name="runScenario" time="67.053"/>
  <testcase classname="com.TestRunner.Runner" name="runScenario" time="67.091"/>
  <testcase classname="com.TestRunner.Runner" name="runScenario" time="42.945">
    <error message="Cannot invoke &quot;org.apache.poi.xssf.usermodel.XSSFRow.getCell(int)&quot; because &quot;row&quot; is null" type="java.lang.NullPointerException">
      <![CDATA[java.lang.NullPointerException: Cannot invoke "org.apache.poi.xssf.usermodel.XSSFRow.getCell(int)" because "row" is null
at com.Utilities.ExcelUtility.readExcelcolumn(ExcelUtility.java:33)
at com.Pages.searchPage.searchWithExcel(searchPage.java:82)
at com.Stepdefenitions.searchWithExcel_stepDefination.enterSearchText(searchWithExcel_stepDefination.java:20)
at ✽.Enter Search Text In the Search Field(file:///C:/Users/User/eclipse-workspace/TODO/Flipkart_E2E_Project/src/test/resources/Features/searchFunctionality.feature:62)
]]>
    </error>
  </testcase> <!-- runScenario -->
  <testcase classname="com.TestRunner.Runner" name="runScenario" time="47.601"/>
</testsuite> <!-- com.TestRunner.Runner -->
